<?xml version="1.0" encoding="UTF-8"?>
<testsuite name="jrails.HtmlTest" tests="2" skipped="0" failures="0" errors="0" timestamp="2023-11-20T06:41:19" hostname="Animeshs-MacBook-Air.local" time="0.009">
  <properties/>
  <testcase name="simpleViewTest" classname="jrails.HtmlTest" time="0.007"/>
  <testcase name="empty" classname="jrails.HtmlTest" time="0.002"/>
  <system-out><![CDATA[]]></system-out>
  <system-err><![CDATA[]]></system-err>
</testsuite>
